Arguments: 
  C:\Program Files\nodejs\node.exe C:\Users\Emilio\AppData\Roaming\npm\node_modules\yarn\bin\yarn.js add react-native-reanimated

PATH: 
  C:\Windows\system32;C:\Windows;C:\Windows\System32\Wbem;C:\Windows\System32\WindowsPowerShell\v1.0\;C:\Windows\System32\OpenSSH\;C:\Program Files\Git\cmd;C:\Program Files\nodejs\;C:\Users\Emilio\AppData\Local\Programs\Python\Python311\Scripts\;C:\Users\Emilio\AppData\Local\Programs\Python\Python311\;C:\Users\Emilio\AppData\Local\Microsoft\WindowsApps;;C:\Users\Emilio\AppData\Local\Programs\Microsoft VS Code\bin;C:\Users\Emilio\AppData\Roaming\npm;C:\adb;C:\Users\Emilio\AppData\Local\Programs\Python\Python311\Scripts\;C:\Users\Emilio\AppData\Local\Programs\Python\Python311\;C:\Users\Emilio\AppData\Local\Microsoft\WindowsApps;;C:\Users\Emilio\AppData\Local\Programs\Microsoft VS Code\bin;C:\Users\Emilio\AppData\Roaming\npm

Yarn version: 
  1.22.19

Node version: 
  16.19.0

Platform: 
  win32 x64

Trace: 
  Error: connect EHOSTUNREACH 104.16.25.35:443
      at TCPConnectWrap.afterConnect [as oncomplete] (node:net:1278:16)

npm manifest: 
  {
    "name": "my-app",
    "version": "1.0.0",
    "main": "node_modules/expo/AppEntry.js",
    "scripts": {
      "start": "expo start",
      "android": "expo start --android",
      "ios": "expo start --ios",
      "web": "expo start --web"
    },
    "dependencies": {
      "@react-navigation/native": "^6.1.2",
      "@react-navigation/stack": "^6.3.11",
      "expo": "~47.0.12",
      "expo-font": "~11.0.1",
      "expo-linear-gradient": "~12.0.1",
      "expo-splash-screen": "~0.17.5",
      "expo-status-bar": "~1.4.2",
      "react": "18.1.0",
      "react-native": "0.70.5",
      "react-native-safe-area-context": "4.4.1",
      "react-native-screens": "~3.18.0",
      "react-native-svg": "13.4.0",
      "react-native-gesture-handler": "~2.8.0"
    },
    "devDependencies": {
      "@babel/core": "^7.12.9"
    },
    "private": true
  }

yarn manifest: 
  No manifest

Lockfile: 
  No lockfile
